mode: atomic
github.com/neuvector/neuvector-kubewarden-policy-converter/cmd/nvrules2kw/main.go:37.13,67.39 1 0
github.com/neuvector/neuvector-kubewarden-policy-converter/cmd/nvrules2kw/main.go:67.39,69.47 2 0
github.com/neuvector/neuvector-kubewarden-policy-converter/cmd/nvrules2kw/main.go:69.47,71.6 1 0
github.com/neuvector/neuvector-kubewarden-policy-converter/cmd/nvrules2kw/main.go:72.5,72.15 1 0
github.com/neuvector/neuvector-kubewarden-policy-converter/cmd/nvrules2kw/main.go:74.39,82.23 7 0
github.com/neuvector/neuvector-kubewarden-policy-converter/cmd/nvrules2kw/main.go:82.23,84.20 2 0
github.com/neuvector/neuvector-kubewarden-policy-converter/cmd/nvrules2kw/main.go:84.20,86.7 1 0
github.com/neuvector/neuvector-kubewarden-policy-converter/cmd/nvrules2kw/main.go:87.6,88.18 2 0
github.com/neuvector/neuvector-kubewarden-policy-converter/cmd/nvrules2kw/main.go:89.11,91.48 2 0
github.com/neuvector/neuvector-kubewarden-policy-converter/cmd/nvrules2kw/main.go:91.48,93.7 1 0
github.com/neuvector/neuvector-kubewarden-policy-converter/cmd/nvrules2kw/main.go:93.12,95.7 1 0
github.com/neuvector/neuvector-kubewarden-policy-converter/cmd/nvrules2kw/main.go:98.5,105.52 2 0
github.com/neuvector/neuvector-kubewarden-policy-converter/cmd/nvrules2kw/main.go:105.52,107.6 1 0
github.com/neuvector/neuvector-kubewarden-policy-converter/cmd/nvrules2kw/main.go:109.5,109.15 1 0
github.com/neuvector/neuvector-kubewarden-policy-converter/cmd/nvrules2kw/main.go:115.39,119.5 2 0
github.com/neuvector/neuvector-kubewarden-policy-converter/cmd/nvrules2kw/main.go:123.2,131.41 2 0
github.com/neuvector/neuvector-kubewarden-policy-converter/cmd/nvrules2kw/main.go:131.41,133.3 1 0
github.com/neuvector/neuvector-kubewarden-policy-converter/internal/share/utils.go:5.46,7.52 1 8
github.com/neuvector/neuvector-kubewarden-policy-converter/internal/share/utils.go:7.52,9.3 1 3
github.com/neuvector/neuvector-kubewarden-policy-converter/internal/share/utils.go:11.2,11.54 1 8
github.com/neuvector/neuvector-kubewarden-policy-converter/internal/share/utils.go:11.54,13.3 1 3
github.com/neuvector/neuvector-kubewarden-policy-converter/internal/share/utils.go:14.2,17.15 4 8
github.com/neuvector/neuvector-kubewarden-policy-converter/internal/handlers/host_namespace_psp_handler.go:27.54,36.2 1 3
github.com/neuvector/neuvector-kubewarden-policy-converter/internal/handlers/host_namespace_psp_handler.go:38.73,40.16 2 16
github.com/neuvector/neuvector-kubewarden-policy-converter/internal/handlers/host_namespace_psp_handler.go:40.16,42.3 1 1
github.com/neuvector/neuvector-kubewarden-policy-converter/internal/handlers/host_namespace_psp_handler.go:47.2,47.24 1 15
github.com/neuvector/neuvector-kubewarden-policy-converter/internal/handlers/host_namespace_psp_handler.go:50.51,52.2 1 0
github.com/neuvector/neuvector-kubewarden-policy-converter/internal/handlers/host_namespace_psp_handler.go:55.108,57.2 1 4
github.com/neuvector/neuvector-kubewarden-policy-converter/internal/handlers/host_namespace_psp_handler.go:61.116,70.37 3 8
github.com/neuvector/neuvector-kubewarden-policy-converter/internal/handlers/host_namespace_psp_handler.go:70.37,71.25 1 13
github.com/neuvector/neuvector-kubewarden-policy-converter/internal/handlers/host_namespace_psp_handler.go:72.17,74.18 2 4
github.com/neuvector/neuvector-kubewarden-policy-converter/internal/handlers/host_namespace_psp_handler.go:74.18,76.5 1 0
github.com/neuvector/neuvector-kubewarden-policy-converter/internal/handlers/host_namespace_psp_handler.go:77.21,79.18 2 5
github.com/neuvector/neuvector-kubewarden-policy-converter/internal/handlers/host_namespace_psp_handler.go:79.18,81.5 1 0
github.com/neuvector/neuvector-kubewarden-policy-converter/internal/handlers/host_namespace_psp_handler.go:82.17,84.18 2 4
github.com/neuvector/neuvector-kubewarden-policy-converter/internal/handlers/host_namespace_psp_handler.go:84.18,86.5 1 0
github.com/neuvector/neuvector-kubewarden-policy-converter/internal/handlers/host_namespace_psp_handler.go:87.11,88.71 1 0
github.com/neuvector/neuvector-kubewarden-policy-converter/internal/handlers/host_namespace_psp_handler.go:92.2,93.16 2 8
github.com/neuvector/neuvector-kubewarden-policy-converter/internal/handlers/host_namespace_psp_handler.go:93.16,95.3 1 0
github.com/neuvector/neuvector-kubewarden-policy-converter/internal/handlers/host_namespace_psp_handler.go:96.2,96.27 1 8
github.com/neuvector/neuvector-kubewarden-policy-converter/internal/handlers/policy_handler.go:18.79,19.19 1 0
github.com/neuvector/neuvector-kubewarden-policy-converter/internal/handlers/policy_handler.go:19.19,21.3 1 0
github.com/neuvector/neuvector-kubewarden-policy-converter/internal/handlers/policy_handler.go:24.2,24.30 1 0
github.com/neuvector/neuvector-kubewarden-policy-converter/internal/handlers/policy_handler.go:24.30,26.3 1 0
github.com/neuvector/neuvector-kubewarden-policy-converter/internal/handlers/policy_handler.go:28.2,28.12 1 0
github.com/neuvector/neuvector-kubewarden-policy-converter/internal/handlers/policy_handler.go:31.50,33.2 1 0
github.com/neuvector/neuvector-kubewarden-policy-converter/internal/handlers/policy_handler.go:35.63,37.2 1 0
github.com/neuvector/neuvector-kubewarden-policy-converter/internal/handlers/policy_handler.go:39.48,41.2 1 0
github.com/neuvector/neuvector-kubewarden-policy-converter/internal/policy/builder.go:29.81,65.2 1 8
github.com/neuvector/neuvector-kubewarden-policy-converter/internal/policy/builder.go:70.81,71.24 1 12
github.com/neuvector/neuvector-kubewarden-policy-converter/internal/policy/builder.go:71.24,73.3 1 7
github.com/neuvector/neuvector-kubewarden-policy-converter/internal/policy/builder.go:74.2,74.61 1 5
github.com/neuvector/neuvector-kubewarden-policy-converter/internal/policy/builder.go:77.107,78.25 1 10
github.com/neuvector/neuvector-kubewarden-policy-converter/internal/policy/builder.go:78.25,80.3 1 2
github.com/neuvector/neuvector-kubewarden-policy-converter/internal/policy/builder.go:81.2,81.20 1 8
github.com/neuvector/neuvector-kubewarden-policy-converter/internal/policy/cap_builder.go:22.116,45.13 4 5
github.com/neuvector/neuvector-kubewarden-policy-converter/internal/policy/cap_builder.go:45.13,47.3 1 2
github.com/neuvector/neuvector-kubewarden-policy-converter/internal/policy/cap_builder.go:50.2,54.16 3 3
github.com/neuvector/neuvector-kubewarden-policy-converter/internal/policy/cap_builder.go:54.16,56.3 1 0
github.com/neuvector/neuvector-kubewarden-policy-converter/internal/policy/cap_builder.go:58.2,62.21 2 3
github.com/neuvector/neuvector-kubewarden-policy-converter/internal/policy/capg_builder.go:21.117,30.42 3 4
github.com/neuvector/neuvector-kubewarden-policy-converter/internal/policy/capg_builder.go:30.42,33.14 2 6
github.com/neuvector/neuvector-kubewarden-policy-converter/internal/policy/capg_builder.go:33.14,35.4 1 1
github.com/neuvector/neuvector-kubewarden-policy-converter/internal/policy/capg_builder.go:37.3,38.65 2 5
github.com/neuvector/neuvector-kubewarden-policy-converter/internal/policy/capg_builder.go:41.2,41.45 1 3
github.com/neuvector/neuvector-kubewarden-policy-converter/internal/policy/capg_builder.go:41.45,48.24 5 3
github.com/neuvector/neuvector-kubewarden-policy-converter/internal/policy/capg_builder.go:48.24,50.4 1 2
github.com/neuvector/neuvector-kubewarden-policy-converter/internal/policy/capg_builder.go:50.9,52.4 1 1
github.com/neuvector/neuvector-kubewarden-policy-converter/internal/policy/capg_builder.go:54.3,54.17 1 3
github.com/neuvector/neuvector-kubewarden-policy-converter/internal/policy/capg_builder.go:54.17,56.4 1 0
github.com/neuvector/neuvector-kubewarden-policy-converter/internal/policy/capg_builder.go:58.3,68.67 3 3
github.com/neuvector/neuvector-kubewarden-policy-converter/internal/policy/capg_builder.go:71.2,95.20 2 3
github.com/neuvector/neuvector-kubewarden-policy-converter/internal/policy/factory.go:14.28,18.2 1 15
github.com/neuvector/neuvector-kubewarden-policy-converter/internal/policy/factory.go:20.72,22.2 1 4
github.com/neuvector/neuvector-kubewarden-policy-converter/internal/policy/factory.go:24.73,25.33 1 8
github.com/neuvector/neuvector-kubewarden-policy-converter/internal/policy/factory.go:25.33,29.3 3 3
github.com/neuvector/neuvector-kubewarden-policy-converter/internal/policy/factory.go:30.2,32.19 3 5
github.com/neuvector/neuvector-kubewarden-policy-converter/internal/policy/factory.go:35.113,38.2 2 3
github.com/neuvector/neuvector-kubewarden-policy-converter/internal/policy/factory.go:40.76,42.42 2 14
github.com/neuvector/neuvector-kubewarden-policy-converter/internal/policy/factory.go:42.42,43.52 1 22
github.com/neuvector/neuvector-kubewarden-policy-converter/internal/policy/factory.go:43.52,45.4 1 16
github.com/neuvector/neuvector-kubewarden-policy-converter/internal/policy/factory.go:47.2,47.18 1 14
github.com/neuvector/neuvector-kubewarden-policy-converter/internal/convert/convert.go:49.69,60.2 5 2
github.com/neuvector/neuvector-kubewarden-policy-converter/internal/convert/convert.go:62.40,68.2 1 2
github.com/neuvector/neuvector-kubewarden-policy-converter/internal/convert/convert.go:70.45,76.2 1 2
github.com/neuvector/neuvector-kubewarden-policy-converter/internal/convert/convert.go:78.56,80.16 2 0
github.com/neuvector/neuvector-kubewarden-policy-converter/internal/convert/convert.go:80.16,82.3 1 0
github.com/neuvector/neuvector-kubewarden-policy-converter/internal/convert/convert.go:84.2,86.24 2 0
github.com/neuvector/neuvector-kubewarden-policy-converter/internal/convert/convert.go:86.24,88.3 1 0
github.com/neuvector/neuvector-kubewarden-policy-converter/internal/convert/convert.go:91.2,91.71 1 0
github.com/neuvector/neuvector-kubewarden-policy-converter/internal/convert/convert.go:91.71,93.3 1 0
github.com/neuvector/neuvector-kubewarden-policy-converter/internal/convert/convert.go:95.2,96.16 2 0
github.com/neuvector/neuvector-kubewarden-policy-converter/internal/convert/convert.go:96.16,98.3 1 0
github.com/neuvector/neuvector-kubewarden-policy-converter/internal/convert/convert.go:100.2,100.12 1 0
github.com/neuvector/neuvector-kubewarden-policy-converter/internal/convert/convert.go:103.107,109.31 2 0
github.com/neuvector/neuvector-kubewarden-policy-converter/internal/convert/convert.go:109.31,113.27 3 0
github.com/neuvector/neuvector-kubewarden-policy-converter/internal/convert/convert.go:113.27,115.4 1 0
github.com/neuvector/neuvector-kubewarden-policy-converter/internal/convert/convert.go:117.2,117.26 1 0
github.com/neuvector/neuvector-kubewarden-policy-converter/internal/convert/convert.go:120.76,121.34 1 12
github.com/neuvector/neuvector-kubewarden-policy-converter/internal/convert/convert.go:121.34,123.3 1 2
github.com/neuvector/neuvector-kubewarden-policy-converter/internal/convert/convert.go:125.2,125.52 1 10
github.com/neuvector/neuvector-kubewarden-policy-converter/internal/convert/convert.go:125.52,127.3 1 3
github.com/neuvector/neuvector-kubewarden-policy-converter/internal/convert/convert.go:129.2,129.18 1 7
github.com/neuvector/neuvector-kubewarden-policy-converter/internal/convert/convert.go:129.18,131.3 1 1
github.com/neuvector/neuvector-kubewarden-policy-converter/internal/convert/convert.go:133.2,133.42 1 6
github.com/neuvector/neuvector-kubewarden-policy-converter/internal/convert/convert.go:133.42,135.14 2 7
github.com/neuvector/neuvector-kubewarden-policy-converter/internal/convert/convert.go:135.14,137.4 1 2
github.com/neuvector/neuvector-kubewarden-policy-converter/internal/convert/convert.go:139.3,139.30 1 5
github.com/neuvector/neuvector-kubewarden-policy-converter/internal/convert/convert.go:139.30,141.4 1 0
github.com/neuvector/neuvector-kubewarden-policy-converter/internal/convert/convert.go:143.3,143.47 1 5
github.com/neuvector/neuvector-kubewarden-policy-converter/internal/convert/convert.go:143.47,145.4 1 2
github.com/neuvector/neuvector-kubewarden-policy-converter/internal/convert/convert.go:148.2,148.12 1 2
github.com/neuvector/neuvector-kubewarden-policy-converter/internal/convert/convert.go:151.87,153.16 2 5
github.com/neuvector/neuvector-kubewarden-policy-converter/internal/convert/convert.go:153.16,155.3 1 3
github.com/neuvector/neuvector-kubewarden-policy-converter/internal/convert/convert.go:157.2,158.16 2 2
github.com/neuvector/neuvector-kubewarden-policy-converter/internal/convert/convert.go:158.16,161.3 2 0
github.com/neuvector/neuvector-kubewarden-policy-converter/internal/convert/convert.go:164.2,165.31 2 2
github.com/neuvector/neuvector-kubewarden-policy-converter/internal/convert/convert.go:166.42,167.13 1 1
github.com/neuvector/neuvector-kubewarden-policy-converter/internal/convert/convert.go:168.47,169.13 1 1
github.com/neuvector/neuvector-kubewarden-policy-converter/internal/convert/convert.go:170.10,171.86 1 0
github.com/neuvector/neuvector-kubewarden-policy-converter/internal/convert/convert.go:174.2,179.3 1 2
github.com/neuvector/neuvector-kubewarden-policy-converter/internal/convert/convert.go:182.79,193.33 3 0
github.com/neuvector/neuvector-kubewarden-policy-converter/internal/convert/convert.go:193.33,195.19 2 0
github.com/neuvector/neuvector-kubewarden-policy-converter/internal/convert/convert.go:195.19,197.4 1 0
github.com/neuvector/neuvector-kubewarden-policy-converter/internal/convert/convert.go:198.3,204.17 3 0
github.com/neuvector/neuvector-kubewarden-policy-converter/internal/convert/convert.go:204.17,206.4 1 0
github.com/neuvector/neuvector-kubewarden-policy-converter/internal/convert/convert.go:209.2,210.16 2 0
github.com/neuvector/neuvector-kubewarden-policy-converter/internal/convert/convert.go:210.16,212.3 1 0
github.com/neuvector/neuvector-kubewarden-policy-converter/internal/convert/convert.go:214.2,214.12 1 0
github.com/neuvector/neuvector-kubewarden-policy-converter/internal/convert/convert.go:217.82,220.36 2 0
github.com/neuvector/neuvector-kubewarden-policy-converter/internal/convert/convert.go:220.36,222.17 2 0
github.com/neuvector/neuvector-kubewarden-policy-converter/internal/convert/convert.go:222.17,224.4 1 0
github.com/neuvector/neuvector-kubewarden-policy-converter/internal/convert/convert.go:226.3,227.28 2 0
github.com/neuvector/neuvector-kubewarden-policy-converter/internal/convert/convert.go:227.28,229.4 1 0
github.com/neuvector/neuvector-kubewarden-policy-converter/internal/convert/convert.go:232.2,232.20 1 0
github.com/neuvector/neuvector-kubewarden-policy-converter/internal/convert/convert.go:232.20,235.3 2 0
github.com/neuvector/neuvector-kubewarden-policy-converter/internal/convert/convert.go:237.2,237.50 1 0
github.com/neuvector/neuvector-kubewarden-policy-converter/internal/convert/convert.go:240.43,252.54 3 0
github.com/neuvector/neuvector-kubewarden-policy-converter/internal/convert/convert.go:252.54,254.48 2 0
github.com/neuvector/neuvector-kubewarden-policy-converter/internal/convert/convert.go:254.48,256.4 1 0
github.com/neuvector/neuvector-kubewarden-policy-converter/internal/convert/convert.go:257.3,258.21 2 0
github.com/neuvector/neuvector-kubewarden-policy-converter/internal/convert/convert.go:258.21,260.4 1 0
github.com/neuvector/neuvector-kubewarden-policy-converter/internal/convert/convert.go:261.3,262.17 2 0
github.com/neuvector/neuvector-kubewarden-policy-converter/internal/convert/convert.go:262.17,264.4 1 0
github.com/neuvector/neuvector-kubewarden-policy-converter/internal/convert/convert.go:267.2,268.16 2 0
github.com/neuvector/neuvector-kubewarden-policy-converter/internal/convert/convert.go:268.16,270.3 1 0
github.com/neuvector/neuvector-kubewarden-policy-converter/internal/convert/convert.go:272.2,272.12 1 0
github.com/neuvector/neuvector-kubewarden-policy-converter/internal/convert/utils.go:29.84,31.62 2 0
github.com/neuvector/neuvector-kubewarden-policy-converter/internal/convert/utils.go:31.62,33.3 1 0
github.com/neuvector/neuvector-kubewarden-policy-converter/internal/convert/utils.go:34.2,34.19 1 0
github.com/neuvector/neuvector-kubewarden-policy-converter/internal/convert/utils.go:37.43,38.37 1 2
github.com/neuvector/neuvector-kubewarden-policy-converter/internal/convert/utils.go:38.37,40.3 1 1
github.com/neuvector/neuvector-kubewarden-policy-converter/internal/convert/utils.go:42.2,42.40 1 1
github.com/neuvector/neuvector-kubewarden-policy-converter/internal/convert/utils.go:42.40,44.3 1 1
github.com/neuvector/neuvector-kubewarden-policy-converter/internal/convert/utils.go:46.2,46.14 1 0
github.com/neuvector/neuvector-kubewarden-policy-converter/internal/convert/utils.go:49.60,52.29 3 1
github.com/neuvector/neuvector-kubewarden-policy-converter/internal/convert/utils.go:52.29,55.3 2 3
github.com/neuvector/neuvector-kubewarden-policy-converter/internal/convert/utils.go:56.2,56.15 1 1
github.com/neuvector/neuvector-kubewarden-policy-converter/internal/convert/utils.go:59.49,60.39 1 13
github.com/neuvector/neuvector-kubewarden-policy-converter/internal/convert/utils.go:60.39,62.3 1 8
github.com/neuvector/neuvector-kubewarden-policy-converter/internal/convert/utils.go:64.2,68.40 4 5
github.com/neuvector/neuvector-kubewarden-policy-converter/internal/convert/utils.go:71.54,72.36 1 4
github.com/neuvector/neuvector-kubewarden-policy-converter/internal/convert/utils.go:72.36,74.3 1 1
github.com/neuvector/neuvector-kubewarden-policy-converter/internal/convert/utils.go:76.2,79.31 3 3
github.com/neuvector/neuvector-kubewarden-policy-converter/internal/convert/utils.go:79.31,81.18 2 5
github.com/neuvector/neuvector-kubewarden-policy-converter/internal/convert/utils.go:81.18,82.12 1 0
github.com/neuvector/neuvector-kubewarden-policy-converter/internal/convert/utils.go:84.3,84.56 1 5
github.com/neuvector/neuvector-kubewarden-policy-converter/internal/convert/utils.go:87.2,88.16 2 3
github.com/neuvector/neuvector-kubewarden-policy-converter/internal/convert/utils.go:88.16,90.3 1 0
github.com/neuvector/neuvector-kubewarden-policy-converter/internal/convert/utils.go:92.2,92.31 1 3
github.com/neuvector/neuvector-kubewarden-policy-converter/internal/convert/utils.go:95.53,100.29 4 5
github.com/neuvector/neuvector-kubewarden-policy-converter/internal/convert/utils.go:100.29,102.17 2 6
github.com/neuvector/neuvector-kubewarden-policy-converter/internal/convert/utils.go:102.17,103.12 1 0
github.com/neuvector/neuvector-kubewarden-policy-converter/internal/convert/utils.go:106.3,109.16 3 6
github.com/neuvector/neuvector-kubewarden-policy-converter/internal/convert/utils.go:109.16,111.4 1 1
github.com/neuvector/neuvector-kubewarden-policy-converter/internal/convert/utils.go:113.3,113.22 1 5
github.com/neuvector/neuvector-kubewarden-policy-converter/internal/convert/utils.go:113.22,116.4 1 1
github.com/neuvector/neuvector-kubewarden-policy-converter/internal/convert/utils.go:116.9,119.4 2 4
github.com/neuvector/neuvector-kubewarden-policy-converter/internal/convert/utils.go:122.2,123.16 2 4
github.com/neuvector/neuvector-kubewarden-policy-converter/internal/convert/utils.go:123.16,125.3 1 0
github.com/neuvector/neuvector-kubewarden-policy-converter/internal/convert/utils.go:127.2,127.31 1 4
